{"/home/haroldo/estudos/cccat7_refactoring/src/calculo/NormalFareCalculator.ts": {"path":"/home/haroldo/estudos/cccat7_refactoring/src/calculo/NormalFareCalculator.ts","statementMap":{"0":{"start":{"line":7,"column":26},"end":{"line":7,"column":47}},"1":{"start":{"line":5,"column":4},"end":{"line":5,"column":15}},"2":{"start":{"line":11,"column":8},"end":{"line":13,"column":null}},"3":{"start":{"line":12,"column":12},"end":{"line":12,"column":48}},"4":{"start":{"line":14,"column":8},"end":{"line":14,"column":42}},"5":{"start":{"line":14,"column":24},"end":{"line":14,"column":42}},"6":{"start":{"line":15,"column":8},"end":{"line":15,"column":45}},"7":{"start":{"line":4,"column":0},"end":{"line":4,"column":21}}},"fnMap":{"0":{"name":"(anonymous_0)","decl":{"start":{"line":7,"column":4},"end":{"line":7,"column":26}},"loc":{"start":{"line":7,"column":47},"end":{"line":8,"column":5}}},"1":{"name":"(anonymous_1)","decl":{"start":{"line":10,"column":4},"end":{"line":10,"column":13}},"loc":{"start":{"line":10,"column":30},"end":{"line":16,"column":5}}}},"branchMap":{"0":{"loc":{"start":{"line":11,"column":8},"end":{"line":13,"column":null}},"type":"if","locations":[{"start":{"line":11,"column":8},"end":{"line":13,"column":null}}]},"1":{"loc":{"start":{"line":11,"column":12},"end":{"line":11,"column":57}},"type":"binary-expr","locations":[{"start":{"line":11,"column":12},"end":{"line":11,"column":34}},{"start":{"line":11,"column":38},"end":{"line":11,"column":57}}]},"2":{"loc":{"start":{"line":14,"column":8},"end":{"line":14,"column":42}},"type":"if","locations":[{"start":{"line":14,"column":8},"end":{"line":14,"column":42}}]},"3":{"loc":{"start":{"line":15,"column":15},"end":{"line":15,"column":44}},"type":"cond-expr","locations":[{"start":{"line":15,"column":24},"end":{"line":15,"column":26}},{"start":{"line":15,"column":24},"end":{"line":15,"column":44}}]},"4":{"loc":{"start":{"line":15,"column":15},"end":{"line":15,"column":26}},"type":"binary-expr","locations":[{"start":{"line":15,"column":15},"end":{"line":15,"column":26}},{"start":{"line":15,"column":24},"end":{"line":15,"column":26}}]}},"s":{"0":8,"1":8,"2":2,"3":2,"4":0,"5":0,"6":0,"7":1},"f":{"0":8,"1":2},"b":{"0":[2],"1":[2,2],"2":[0],"3":[0,0],"4":[0,0]}}
,"/home/haroldo/estudos/cccat7_refactoring/src/calculo/OvernightFareCalculator.ts": {"path":"/home/haroldo/estudos/cccat7_refactoring/src/calculo/OvernightFareCalculator.ts","statementMap":{"0":{"start":{"line":7,"column":26},"end":{"line":7,"column":47}},"1":{"start":{"line":5,"column":4},"end":{"line":5,"column":15}},"2":{"start":{"line":11,"column":8},"end":{"line":13,"column":null}},"3":{"start":{"line":12,"column":12},"end":{"line":12,"column":48}},"4":{"start":{"line":14,"column":8},"end":{"line":14,"column":42}},"5":{"start":{"line":14,"column":24},"end":{"line":14,"column":42}},"6":{"start":{"line":15,"column":8},"end":{"line":15,"column":45}},"7":{"start":{"line":4,"column":0},"end":{"line":4,"column":21}}},"fnMap":{"0":{"name":"(anonymous_0)","decl":{"start":{"line":7,"column":4},"end":{"line":7,"column":26}},"loc":{"start":{"line":7,"column":47},"end":{"line":8,"column":5}}},"1":{"name":"(anonymous_1)","decl":{"start":{"line":10,"column":4},"end":{"line":10,"column":13}},"loc":{"start":{"line":10,"column":30},"end":{"line":16,"column":5}}}},"branchMap":{"0":{"loc":{"start":{"line":11,"column":8},"end":{"line":13,"column":null}},"type":"if","locations":[{"start":{"line":11,"column":8},"end":{"line":13,"column":null}}]},"1":{"loc":{"start":{"line":11,"column":12},"end":{"line":11,"column":56}},"type":"binary-expr","locations":[{"start":{"line":11,"column":12},"end":{"line":11,"column":33}},{"start":{"line":11,"column":37},"end":{"line":11,"column":56}}]},"2":{"loc":{"start":{"line":14,"column":8},"end":{"line":14,"column":42}},"type":"if","locations":[{"start":{"line":14,"column":8},"end":{"line":14,"column":42}}]},"3":{"loc":{"start":{"line":15,"column":15},"end":{"line":15,"column":44}},"type":"cond-expr","locations":[{"start":{"line":15,"column":24},"end":{"line":15,"column":26}},{"start":{"line":15,"column":24},"end":{"line":15,"column":44}}]},"4":{"loc":{"start":{"line":15,"column":15},"end":{"line":15,"column":26}},"type":"binary-expr","locations":[{"start":{"line":15,"column":15},"end":{"line":15,"column":26}},{"start":{"line":15,"column":24},"end":{"line":15,"column":26}}]}},"s":{"0":8,"1":8,"2":4,"3":1,"4":3,"5":0,"6":3,"7":1},"f":{"0":8,"1":4},"b":{"0":[1],"1":[4,1],"2":[0],"3":[0,3],"4":[3,3]}}
,"/home/haroldo/estudos/cccat7_refactoring/src/calculo/OvernightSundayFareCalculator.ts": {"path":"/home/haroldo/estudos/cccat7_refactoring/src/calculo/OvernightSundayFareCalculator.ts","statementMap":{"0":{"start":{"line":7,"column":26},"end":{"line":7,"column":47}},"1":{"start":{"line":5,"column":4},"end":{"line":5,"column":13}},"2":{"start":{"line":11,"column":8},"end":{"line":13,"column":null}},"3":{"start":{"line":12,"column":12},"end":{"line":12,"column":48}},"4":{"start":{"line":14,"column":8},"end":{"line":14,"column":42}},"5":{"start":{"line":14,"column":24},"end":{"line":14,"column":42}},"6":{"start":{"line":15,"column":8},"end":{"line":15,"column":45}},"7":{"start":{"line":4,"column":0},"end":{"line":4,"column":21}}},"fnMap":{"0":{"name":"(anonymous_0)","decl":{"start":{"line":7,"column":4},"end":{"line":7,"column":26}},"loc":{"start":{"line":7,"column":47},"end":{"line":8,"column":5}}},"1":{"name":"(anonymous_1)","decl":{"start":{"line":10,"column":4},"end":{"line":10,"column":13}},"loc":{"start":{"line":10,"column":30},"end":{"line":16,"column":5}}}},"branchMap":{"0":{"loc":{"start":{"line":11,"column":8},"end":{"line":13,"column":null}},"type":"if","locations":[{"start":{"line":11,"column":8},"end":{"line":13,"column":null}}]},"1":{"loc":{"start":{"line":11,"column":12},"end":{"line":11,"column":55}},"type":"binary-expr","locations":[{"start":{"line":11,"column":12},"end":{"line":11,"column":33}},{"start":{"line":11,"column":37},"end":{"line":11,"column":55}}]},"2":{"loc":{"start":{"line":14,"column":8},"end":{"line":14,"column":42}},"type":"if","locations":[{"start":{"line":14,"column":8},"end":{"line":14,"column":42}}]},"3":{"loc":{"start":{"line":15,"column":15},"end":{"line":15,"column":44}},"type":"cond-expr","locations":[{"start":{"line":15,"column":24},"end":{"line":15,"column":26}},{"start":{"line":15,"column":24},"end":{"line":15,"column":44}}]},"4":{"loc":{"start":{"line":15,"column":15},"end":{"line":15,"column":26}},"type":"binary-expr","locations":[{"start":{"line":15,"column":15},"end":{"line":15,"column":26}},{"start":{"line":15,"column":24},"end":{"line":15,"column":26}}]}},"s":{"0":8,"1":8,"2":5,"3":1,"4":4,"5":0,"6":4,"7":1},"f":{"0":8,"1":5},"b":{"0":[1],"1":[5,2],"2":[0],"3":[0,4],"4":[4,4]}}
,"/home/haroldo/estudos/cccat7_refactoring/src/calculo/Ride.ts": {"path":"/home/haroldo/estudos/cccat7_refactoring/src/calculo/Ride.ts","statementMap":{"0":{"start":{"line":2,"column":0},"end":{"line":2,"column":32}},"1":{"start":{"line":9,"column":26},"end":{"line":9,"column":56}},"2":{"start":{"line":6,"column":4},"end":{"line":6,"column":29}},"3":{"start":{"line":7,"column":4},"end":{"line":7,"column":18}},"4":{"start":{"line":13,"column":8},"end":{"line":13,"column":56}},"5":{"start":{"line":17,"column":19},"end":{"line":17,"column":20}},"6":{"start":{"line":18,"column":5},"end":{"line":20,"column":null}},"7":{"start":{"line":19,"column":12},"end":{"line":19,"column":59}},"8":{"start":{"line":21,"column":8},"end":{"line":21,"column":61}},"9":{"start":{"line":4,"column":0},"end":{"line":4,"column":21}}},"fnMap":{"0":{"name":"(anonymous_1)","decl":{"start":{"line":9,"column":4},"end":{"line":9,"column":26}},"loc":{"start":{"line":9,"column":56},"end":{"line":10,"column":5}}},"1":{"name":"(anonymous_2)","decl":{"start":{"line":12,"column":4},"end":{"line":12,"column":14}},"loc":{"start":{"line":12,"column":44},"end":{"line":14,"column":5}}},"2":{"name":"(anonymous_3)","decl":{"start":{"line":16,"column":4},"end":{"line":16,"column":10}},"loc":{"start":{"line":16,"column":10},"end":{"line":22,"column":5}}}},"branchMap":{"0":{"loc":{"start":{"line":21,"column":15},"end":{"line":21,"column":60}},"type":"cond-expr","locations":[{"start":{"line":21,"column":40},"end":{"line":21,"column":53}},{"start":{"line":21,"column":56},"end":{"line":21,"column":60}}]}},"s":{"0":1,"1":8,"2":8,"3":8,"4":8,"5":6,"6":6,"7":6,"8":6,"9":1},"f":{"0":8,"1":8,"2":6},"b":{"0":[1,5]}}
,"/home/haroldo/estudos/cccat7_refactoring/src/calculo/Segment.ts": {"path":"/home/haroldo/estudos/cccat7_refactoring/src/calculo/Segment.ts","statementMap":{"0":{"start":{"line":5,"column":26},"end":{"line":5,"column":42}},"1":{"start":{"line":5,"column":53},"end":{"line":5,"column":63}},"2":{"start":{"line":2,"column":4},"end":{"line":2,"column":25}},"3":{"start":{"line":3,"column":4},"end":{"line":3,"column":22}},"4":{"start":{"line":6,"column":8},"end":{"line":6,"column":73}},"5":{"start":{"line":6,"column":37},"end":{"line":6,"column":73}},"6":{"start":{"line":7,"column":8},"end":{"line":7,"column":65}},"7":{"start":{"line":7,"column":33},"end":{"line":7,"column":65}},"8":{"start":{"line":11,"column":8},"end":{"line":11,"column":106}},"9":{"start":{"line":15,"column":8},"end":{"line":15,"column":40}},"10":{"start":{"line":19,"column":8},"end":{"line":19,"column":125}},"11":{"start":{"line":23,"column":8},"end":{"line":23,"column":131}},"12":{"start":{"line":1,"column":0},"end":{"line":1,"column":21}}},"fnMap":{"0":{"name":"(anonymous_0)","decl":{"start":{"line":5,"column":4},"end":{"line":5,"column":26}},"loc":{"start":{"line":5,"column":63},"end":{"line":8,"column":5}}},"1":{"name":"(anonymous_1)","decl":{"start":{"line":10,"column":4},"end":{"line":10,"column":15}},"loc":{"start":{"line":10,"column":15},"end":{"line":12,"column":5}}},"2":{"name":"(anonymous_2)","decl":{"start":{"line":14,"column":4},"end":{"line":14,"column":12}},"loc":{"start":{"line":14,"column":12},"end":{"line":16,"column":5}}},"3":{"name":"(anonymous_3)","decl":{"start":{"line":18,"column":4},"end":{"line":18,"column":19}},"loc":{"start":{"line":18,"column":19},"end":{"line":20,"column":5}}},"4":{"name":"(anonymous_4)","decl":{"start":{"line":22,"column":4},"end":{"line":22,"column":15}},"loc":{"start":{"line":22,"column":15},"end":{"line":24,"column":5}}}},"branchMap":{"0":{"loc":{"start":{"line":6,"column":8},"end":{"line":6,"column":73}},"type":"if","locations":[{"start":{"line":6,"column":8},"end":{"line":6,"column":73}}]},"1":{"loc":{"start":{"line":7,"column":8},"end":{"line":7,"column":65}},"type":"if","locations":[{"start":{"line":7,"column":8},"end":{"line":7,"column":65}}]},"2":{"loc":{"start":{"line":11,"column":15},"end":{"line":11,"column":105}},"type":"binary-expr","locations":[{"start":{"line":11,"column":15},"end":{"line":11,"column":59}},{"start":{"line":11,"column":63},"end":{"line":11,"column":105}}]},"3":{"loc":{"start":{"line":19,"column":15},"end":{"line":19,"column":124}},"type":"binary-expr","locations":[{"start":{"line":19,"column":15},"end":{"line":19,"column":36}},{"start":{"line":19,"column":40},"end":{"line":19,"column":66}},{"start":{"line":19,"column":70},"end":{"line":19,"column":103}},{"start":{"line":19,"column":107},"end":{"line":19,"column":124}}]},"4":{"loc":{"start":{"line":23,"column":15},"end":{"line":23,"column":130}},"type":"binary-expr","locations":[{"start":{"line":23,"column":15},"end":{"line":23,"column":32}},{"start":{"line":23,"column":36},"end":{"line":23,"column":58}},{"start":{"line":23,"column":62},"end":{"line":23,"column":87}},{"start":{"line":23,"column":91},"end":{"line":23,"column":130}}]}},"s":{"0":8,"1":8,"2":8,"3":8,"4":8,"5":1,"6":7,"7":1,"8":14,"9":8,"10":8,"11":7,"12":1},"f":{"0":8,"1":14,"2":8,"3":8,"4":7},"b":{"0":[1],"1":[1],"2":[14,11],"3":[8,8,8,8],"4":[7,7,7,7]}}
,"/home/haroldo/estudos/cccat7_refactoring/src/calculo/SpecialDayFareCalculator.ts": {"path":"/home/haroldo/estudos/cccat7_refactoring/src/calculo/SpecialDayFareCalculator.ts","statementMap":{"0":{"start":{"line":7,"column":26},"end":{"line":7,"column":47}},"1":{"start":{"line":5,"column":4},"end":{"line":5,"column":14}},"2":{"start":{"line":11,"column":8},"end":{"line":13,"column":null}},"3":{"start":{"line":12,"column":12},"end":{"line":12,"column":29}},"4":{"start":{"line":14,"column":8},"end":{"line":14,"column":42}},"5":{"start":{"line":14,"column":24},"end":{"line":14,"column":42}},"6":{"start":{"line":15,"column":8},"end":{"line":15,"column":45}},"7":{"start":{"line":4,"column":0},"end":{"line":4,"column":21}}},"fnMap":{"0":{"name":"(anonymous_0)","decl":{"start":{"line":7,"column":4},"end":{"line":7,"column":26}},"loc":{"start":{"line":7,"column":47},"end":{"line":8,"column":5}}},"1":{"name":"(anonymous_1)","decl":{"start":{"line":10,"column":4},"end":{"line":10,"column":13}},"loc":{"start":{"line":10,"column":30},"end":{"line":16,"column":5}}}},"branchMap":{"0":{"loc":{"start":{"line":11,"column":8},"end":{"line":13,"column":null}},"type":"if","locations":[{"start":{"line":11,"column":8},"end":{"line":13,"column":null}}]},"1":{"loc":{"start":{"line":14,"column":8},"end":{"line":14,"column":42}},"type":"if","locations":[{"start":{"line":14,"column":8},"end":{"line":14,"column":42}}]},"2":{"loc":{"start":{"line":15,"column":15},"end":{"line":15,"column":44}},"type":"cond-expr","locations":[{"start":{"line":15,"column":24},"end":{"line":15,"column":26}},{"start":{"line":15,"column":24},"end":{"line":15,"column":44}}]},"3":{"loc":{"start":{"line":15,"column":15},"end":{"line":15,"column":26}},"type":"binary-expr","locations":[{"start":{"line":15,"column":15},"end":{"line":15,"column":26}},{"start":{"line":15,"column":24},"end":{"line":15,"column":26}}]}},"s":{"0":8,"1":8,"2":6,"3":1,"4":5,"5":0,"6":5,"7":1},"f":{"0":8,"1":6},"b":{"0":[1],"1":[0],"2":[0,5],"3":[5,5]}}
,"/home/haroldo/estudos/cccat7_refactoring/src/calculo/SundayFareCalculator.ts": {"path":"/home/haroldo/estudos/cccat7_refactoring/src/calculo/SundayFareCalculator.ts","statementMap":{"0":{"start":{"line":7,"column":26},"end":{"line":7,"column":47}},"1":{"start":{"line":5,"column":4},"end":{"line":5,"column":15}},"2":{"start":{"line":11,"column":8},"end":{"line":13,"column":null}},"3":{"start":{"line":12,"column":12},"end":{"line":12,"column":48}},"4":{"start":{"line":14,"column":8},"end":{"line":14,"column":42}},"5":{"start":{"line":14,"column":24},"end":{"line":14,"column":42}},"6":{"start":{"line":15,"column":8},"end":{"line":15,"column":45}},"7":{"start":{"line":4,"column":0},"end":{"line":4,"column":21}}},"fnMap":{"0":{"name":"(anonymous_0)","decl":{"start":{"line":7,"column":4},"end":{"line":7,"column":26}},"loc":{"start":{"line":7,"column":47},"end":{"line":8,"column":5}}},"1":{"name":"(anonymous_1)","decl":{"start":{"line":10,"column":4},"end":{"line":10,"column":13}},"loc":{"start":{"line":10,"column":30},"end":{"line":16,"column":5}}}},"branchMap":{"0":{"loc":{"start":{"line":11,"column":8},"end":{"line":13,"column":null}},"type":"if","locations":[{"start":{"line":11,"column":8},"end":{"line":13,"column":null}}]},"1":{"loc":{"start":{"line":11,"column":11},"end":{"line":11,"column":55}},"type":"binary-expr","locations":[{"start":{"line":11,"column":11},"end":{"line":11,"column":33}},{"start":{"line":11,"column":37},"end":{"line":11,"column":55}}]},"2":{"loc":{"start":{"line":14,"column":8},"end":{"line":14,"column":42}},"type":"if","locations":[{"start":{"line":14,"column":8},"end":{"line":14,"column":42}}]},"3":{"loc":{"start":{"line":15,"column":15},"end":{"line":15,"column":44}},"type":"cond-expr","locations":[{"start":{"line":15,"column":24},"end":{"line":15,"column":26}},{"start":{"line":15,"column":24},"end":{"line":15,"column":44}}]},"4":{"loc":{"start":{"line":15,"column":15},"end":{"line":15,"column":26}},"type":"binary-expr","locations":[{"start":{"line":15,"column":15},"end":{"line":15,"column":26}},{"start":{"line":15,"column":24},"end":{"line":15,"column":26}}]}},"s":{"0":8,"1":8,"2":3,"3":1,"4":2,"5":0,"6":2,"7":1},"f":{"0":8,"1":3},"b":{"0":[1],"1":[3,3],"2":[0],"3":[0,2],"4":[2,2]}}
,"/home/haroldo/estudos/cccat7_refactoring/src/calculo/calc.ts": {"path":"/home/haroldo/estudos/cccat7_refactoring/src/calculo/calc.ts","statementMap":{"0":{"start":{"line":2,"column":23},"end":{"line":2,"column":27}},"1":{"start":{"line":3,"column":30},"end":{"line":3,"column":31}},"2":{"start":{"line":4,"column":20},"end":{"line":4,"column":23}},"3":{"start":{"line":5,"column":20},"end":{"line":5,"column":24}},"4":{"start":{"line":6,"column":24},"end":{"line":6,"column":26}},"5":{"start":{"line":7,"column":22},"end":{"line":7,"column":23}},"6":{"start":{"line":8,"column":17},"end":{"line":8,"column":19}},"7":{"start":{"line":11,"column":4},"end":{"line":11,"column":null}},"8":{"start":{"line":15,"column":1},"end":{"line":15,"column":28}},"9":{"start":{"line":19,"column":1},"end":{"line":19,"column":98}},"10":{"start":{"line":23,"column":1},"end":{"line":23,"column":104}},"11":{"start":{"line":27,"column":12},"end":{"line":27,"column":13}},"12":{"start":{"line":28,"column":1},"end":{"line":46,"column":null}},"13":{"start":{"line":29,"column":2},"end":{"line":29,"column":78}},"14":{"start":{"line":29,"column":42},"end":{"line":29,"column":78}},"15":{"start":{"line":30,"column":2},"end":{"line":30,"column":66}},"16":{"start":{"line":30,"column":34},"end":{"line":30,"column":66}},"17":{"start":{"line":31,"column":2},"end":{"line":45,"column":null}},"18":{"start":{"line":32,"column":3},"end":{"line":35,"column":null}},"19":{"start":{"line":33,"column":4},"end":{"line":33,"column":46}},"20":{"start":{"line":34,"column":4},"end":{"line":34,"column":13}},"21":{"start":{"line":36,"column":3},"end":{"line":39,"column":null}},"22":{"start":{"line":37,"column":4},"end":{"line":37,"column":53}},"23":{"start":{"line":38,"column":4},"end":{"line":38,"column":13}},"24":{"start":{"line":40,"column":3},"end":{"line":43,"column":null}},"25":{"start":{"line":41,"column":4},"end":{"line":41,"column":43}},"26":{"start":{"line":42,"column":4},"end":{"line":42,"column":13}},"27":{"start":{"line":44,"column":3},"end":{"line":44,"column":42}},"28":{"start":{"line":47,"column":1},"end":{"line":47,"column":44}},"29":{"start":{"line":26,"column":0},"end":{"line":26,"column":16}}},"fnMap":{"0":{"name":"isOvernight","decl":{"start":{"line":10,"column":9},"end":{"line":10,"column":20}},"loc":{"start":{"line":10,"column":26},"end":{"line":12,"column":1}}},"1":{"name":"isSunday","decl":{"start":{"line":14,"column":9},"end":{"line":14,"column":17}},"loc":{"start":{"line":14,"column":23},"end":{"line":16,"column":1}}},"2":{"name":"isValidDistance","decl":{"start":{"line":18,"column":9},"end":{"line":18,"column":24}},"loc":{"start":{"line":18,"column":34},"end":{"line":20,"column":1}}},"3":{"name":"isValidDate","decl":{"start":{"line":22,"column":9},"end":{"line":22,"column":20}},"loc":{"start":{"line":22,"column":26},"end":{"line":24,"column":1}}},"4":{"name":"calculateRide","decl":{"start":{"line":26,"column":16},"end":{"line":26,"column":29}},"loc":{"start":{"line":26,"column":39},"end":{"line":48,"column":1}}}},"branchMap":{"0":{"loc":{"start":{"line":11,"column":11},"end":{"line":11,"column":81}},"type":"binary-expr","locations":[{"start":{"line":11,"column":11},"end":{"line":11,"column":45}},{"start":{"line":11,"column":49},"end":{"line":11,"column":81}}]},"1":{"loc":{"start":{"line":19,"column":8},"end":{"line":19,"column":97}},"type":"binary-expr","locations":[{"start":{"line":19,"column":8},"end":{"line":19,"column":24}},{"start":{"line":19,"column":28},"end":{"line":19,"column":49}},{"start":{"line":19,"column":53},"end":{"line":19,"column":81}},{"start":{"line":19,"column":85},"end":{"line":19,"column":97}}]},"2":{"loc":{"start":{"line":23,"column":8},"end":{"line":23,"column":103}},"type":"binary-expr","locations":[{"start":{"line":23,"column":8},"end":{"line":23,"column":20}},{"start":{"line":23,"column":24},"end":{"line":23,"column":41}},{"start":{"line":23,"column":45},"end":{"line":23,"column":65}},{"start":{"line":23,"column":69},"end":{"line":23,"column":103}}]},"3":{"loc":{"start":{"line":29,"column":2},"end":{"line":29,"column":78}},"type":"if","locations":[{"start":{"line":29,"column":2},"end":{"line":29,"column":78}}]},"4":{"loc":{"start":{"line":30,"column":2},"end":{"line":30,"column":66}},"type":"if","locations":[{"start":{"line":30,"column":2},"end":{"line":30,"column":66}}]},"5":{"loc":{"start":{"line":31,"column":2},"end":{"line":45,"column":null}},"type":"if","locations":[{"start":{"line":31,"column":2},"end":{"line":45,"column":null}}]},"6":{"loc":{"start":{"line":32,"column":3},"end":{"line":35,"column":null}},"type":"if","locations":[{"start":{"line":32,"column":3},"end":{"line":35,"column":null}}]},"7":{"loc":{"start":{"line":32,"column":7},"end":{"line":32,"column":59}},"type":"binary-expr","locations":[{"start":{"line":32,"column":7},"end":{"line":32,"column":32}},{"start":{"line":32,"column":36},"end":{"line":32,"column":59}}]},"8":{"loc":{"start":{"line":36,"column":3},"end":{"line":39,"column":null}},"type":"if","locations":[{"start":{"line":36,"column":3},"end":{"line":39,"column":null}}]},"9":{"loc":{"start":{"line":36,"column":7},"end":{"line":36,"column":58}},"type":"binary-expr","locations":[{"start":{"line":36,"column":7},"end":{"line":36,"column":32}},{"start":{"line":36,"column":36},"end":{"line":36,"column":58}}]},"10":{"loc":{"start":{"line":40,"column":3},"end":{"line":43,"column":null}},"type":"if","locations":[{"start":{"line":40,"column":3},"end":{"line":43,"column":null}}]},"11":{"loc":{"start":{"line":47,"column":8},"end":{"line":47,"column":43}},"type":"cond-expr","locations":[{"start":{"line":47,"column":28},"end":{"line":47,"column":36}},{"start":{"line":47,"column":39},"end":{"line":47,"column":43}}]}},"s":{"0":1,"1":1,"2":1,"3":1,"4":1,"5":1,"6":1,"7":9,"8":6,"9":7,"10":11,"11":7,"12":7,"13":7,"14":1,"15":6,"16":1,"17":5,"18":5,"19":1,"20":1,"21":4,"22":1,"23":1,"24":3,"25":1,"26":1,"27":2,"28":5,"29":1},"f":{"0":9,"1":6,"2":7,"3":11,"4":7},"b":{"0":[9,6],"1":[7,7,7,7],"2":[11,11,11,11],"3":[1],"4":[1],"5":[5],"6":[1],"7":[5,2],"8":[1],"9":[4,1],"10":[1],"11":[1,4]}}
,"/home/haroldo/estudos/cccat7_refactoring/src/cpf/Cpf.ts": {"path":"/home/haroldo/estudos/cccat7_refactoring/src/cpf/Cpf.ts","statementMap":{"0":{"start":{"line":3,"column":4},"end":{"line":3,"column":24}},"1":{"start":{"line":4,"column":4},"end":{"line":4,"column":24}},"2":{"start":{"line":7,"column":8},"end":{"line":7,"column":67}},"3":{"start":{"line":7,"column":35},"end":{"line":7,"column":67}},"4":{"start":{"line":8,"column":8},"end":{"line":8,"column":27}},"5":{"start":{"line":12,"column":8},"end":{"line":12,"column":31}},"6":{"start":{"line":12,"column":18},"end":{"line":12,"column":31}},"7":{"start":{"line":13,"column":8},"end":{"line":13,"column":40}},"8":{"start":{"line":14,"column":8},"end":{"line":14,"column":46}},"9":{"start":{"line":14,"column":33},"end":{"line":14,"column":46}},"10":{"start":{"line":15,"column":8},"end":{"line":15,"column":53}},"11":{"start":{"line":15,"column":40},"end":{"line":15,"column":53}},"12":{"start":{"line":16,"column":23},"end":{"line":16,"column":68}},"13":{"start":{"line":17,"column":23},"end":{"line":17,"column":68}},"14":{"start":{"line":18,"column":25},"end":{"line":18,"column":52}},"15":{"start":{"line":19,"column":36},"end":{"line":19,"column":56}},"16":{"start":{"line":20,"column":8},"end":{"line":20,"column":49}},"17":{"start":{"line":24,"column":8},"end":{"line":24,"column":39}},"18":{"start":{"line":28,"column":8},"end":{"line":28,"column":33}},"19":{"start":{"line":32,"column":29},"end":{"line":32,"column":32}},"20":{"start":{"line":33,"column":8},"end":{"line":33,"column":61}},"21":{"start":{"line":33,"column":39},"end":{"line":33,"column":59}},"22":{"start":{"line":37,"column":20},"end":{"line":37,"column":21}},"23":{"start":{"line":38,"column":8},"end":{"line":42,"column":null}},"24":{"start":{"line":39,"column":12},"end":{"line":41,"column":null}},"25":{"start":{"line":40,"column":16},"end":{"line":40,"column":52}},"26":{"start":{"line":43,"column":21},"end":{"line":43,"column":29}},"27":{"start":{"line":44,"column":8},"end":{"line":44,"column":42}},"28":{"start":{"line":48,"column":8},"end":{"line":48,"column":29}},"29":{"start":{"line":52,"column":8},"end":{"line":52,"column":26}},"30":{"start":{"line":1,"column":0},"end":{"line":1,"column":21}}},"fnMap":{"0":{"name":"(anonymous_0)","decl":{"start":{"line":6,"column":4},"end":{"line":6,"column":17}},"loc":{"start":{"line":6,"column":30},"end":{"line":9,"column":5}}},"1":{"name":"(anonymous_1)","decl":{"start":{"line":11,"column":4},"end":{"line":11,"column":12}},"loc":{"start":{"line":11,"column":25},"end":{"line":21,"column":5}}},"2":{"name":"(anonymous_2)","decl":{"start":{"line":23,"column":4},"end":{"line":23,"column":19}},"loc":{"start":{"line":23,"column":32},"end":{"line":25,"column":5}}},"3":{"name":"(anonymous_3)","decl":{"start":{"line":27,"column":4},"end":{"line":27,"column":17}},"loc":{"start":{"line":27,"column":30},"end":{"line":29,"column":5}}},"4":{"name":"(anonymous_4)","decl":{"start":{"line":31,"column":4},"end":{"line":31,"column":20}},"loc":{"start":{"line":31,"column":33},"end":{"line":34,"column":5}}},"5":{"name":"(anonymous_5)","decl":{"start":{"line":33,"column":30},"end":{"line":33,"column":35}},"loc":{"start":{"line":33,"column":39},"end":{"line":33,"column":59}}},"6":{"name":"(anonymous_6)","decl":{"start":{"line":36,"column":4},"end":{"line":36,"column":18}},"loc":{"start":{"line":36,"column":47},"end":{"line":45,"column":5}}},"7":{"name":"(anonymous_7)","decl":{"start":{"line":47,"column":4},"end":{"line":47,"column":21}},"loc":{"start":{"line":47,"column":34},"end":{"line":49,"column":5}}},"8":{"name":"(anonymous_8)","decl":{"start":{"line":51,"column":4},"end":{"line":51,"column":12}},"loc":{"start":{"line":51,"column":12},"end":{"line":53,"column":5}}}},"branchMap":{"0":{"loc":{"start":{"line":7,"column":8},"end":{"line":7,"column":67}},"type":"if","locations":[{"start":{"line":7,"column":8},"end":{"line":7,"column":67}}]},"1":{"loc":{"start":{"line":12,"column":8},"end":{"line":12,"column":31}},"type":"if","locations":[{"start":{"line":12,"column":8},"end":{"line":12,"column":31}}]},"2":{"loc":{"start":{"line":14,"column":8},"end":{"line":14,"column":46}},"type":"if","locations":[{"start":{"line":14,"column":8},"end":{"line":14,"column":46}}]},"3":{"loc":{"start":{"line":15,"column":8},"end":{"line":15,"column":53}},"type":"if","locations":[{"start":{"line":15,"column":8},"end":{"line":15,"column":53}}]},"4":{"loc":{"start":{"line":39,"column":12},"end":{"line":41,"column":null}},"type":"if","locations":[{"start":{"line":39,"column":12},"end":{"line":41,"column":null}}]},"5":{"loc":{"start":{"line":44,"column":15},"end":{"line":44,"column":41}},"type":"cond-expr","locations":[{"start":{"line":44,"column":28},"end":{"line":44,"column":29}},{"start":{"line":44,"column":32},"end":{"line":44,"column":41}}]}},"s":{"0":17,"1":17,"2":17,"3":12,"4":5,"5":17,"6":1,"7":16,"8":16,"9":0,"10":16,"11":10,"12":6,"13":6,"14":6,"15":6,"16":6,"17":16,"18":0,"19":16,"20":16,"21":128,"22":12,"23":12,"24":136,"25":114,"26":12,"27":12,"28":6,"29":5,"30":1},"f":{"0":17,"1":17,"2":16,"3":0,"4":16,"5":128,"6":12,"7":6,"8":5},"b":{"0":[12],"1":[1],"2":[0],"3":[10],"4":[114],"5":[4,8]}}
,"/home/haroldo/estudos/cccat7_refactoring/src/cpf/cpfModule.ts": {"path":"/home/haroldo/estudos/cccat7_refactoring/src/cpf/cpfModule.ts","statementMap":{"0":{"start":{"line":3,"column":23},"end":{"line":3,"column":25}},"1":{"start":{"line":4,"column":23},"end":{"line":4,"column":25}},"2":{"start":{"line":7,"column":1},"end":{"line":7,"column":24}},"3":{"start":{"line":7,"column":11},"end":{"line":7,"column":24}},"4":{"start":{"line":8,"column":4},"end":{"line":8,"column":31}},"5":{"start":{"line":9,"column":4},"end":{"line":9,"column":37}},"6":{"start":{"line":9,"column":24},"end":{"line":9,"column":37}},"7":{"start":{"line":10,"column":4},"end":{"line":10,"column":44}},"8":{"start":{"line":10,"column":31},"end":{"line":10,"column":44}},"9":{"start":{"line":11,"column":19},"end":{"line":11,"column":54}},"10":{"start":{"line":12,"column":19},"end":{"line":12,"column":54}},"11":{"start":{"line":13,"column":22},"end":{"line":13,"column":44}},"12":{"start":{"line":14,"column":32},"end":{"line":14,"column":52}},"13":{"start":{"line":15,"column":4},"end":{"line":15,"column":45}},"14":{"start":{"line":6,"column":0},"end":{"line":6,"column":16}},"15":{"start":{"line":19,"column":4},"end":{"line":19,"column":35}},"16":{"start":{"line":23,"column":4},"end":{"line":23,"column":29}},"17":{"start":{"line":27,"column":25},"end":{"line":27,"column":28}},"18":{"start":{"line":28,"column":4},"end":{"line":28,"column":57}},"19":{"start":{"line":28,"column":35},"end":{"line":28,"column":55}},"20":{"start":{"line":32,"column":16},"end":{"line":32,"column":17}},"21":{"start":{"line":33,"column":4},"end":{"line":37,"column":null}},"22":{"start":{"line":34,"column":8},"end":{"line":36,"column":null}},"23":{"start":{"line":35,"column":12},"end":{"line":35,"column":38}},"24":{"start":{"line":38,"column":17},"end":{"line":38,"column":25}},"25":{"start":{"line":39,"column":4},"end":{"line":39,"column":38}},"26":{"start":{"line":43,"column":4},"end":{"line":43,"column":25}}},"fnMap":{"0":{"name":"validate","decl":{"start":{"line":6,"column":16},"end":{"line":6,"column":24}},"loc":{"start":{"line":6,"column":29},"end":{"line":16,"column":1}}},"1":{"name":"removeNonDigits","decl":{"start":{"line":18,"column":9},"end":{"line":18,"column":24}},"loc":{"start":{"line":18,"column":29},"end":{"line":20,"column":1}}},"2":{"name":"isValidLenght","decl":{"start":{"line":22,"column":9},"end":{"line":22,"column":22}},"loc":{"start":{"line":22,"column":27},"end":{"line":24,"column":1}}},"3":{"name":"allDigitsTheSame","decl":{"start":{"line":26,"column":9},"end":{"line":26,"column":25}},"loc":{"start":{"line":26,"column":30},"end":{"line":29,"column":1}}},"4":{"name":"(anonymous_4)","decl":{"start":{"line":28,"column":26},"end":{"line":28,"column":31}},"loc":{"start":{"line":28,"column":35},"end":{"line":28,"column":55}}},"5":{"name":"calculateDigit","decl":{"start":{"line":31,"column":9},"end":{"line":31,"column":23}},"loc":{"start":{"line":31,"column":35},"end":{"line":40,"column":1}}},"6":{"name":"extractCheckDigit","decl":{"start":{"line":42,"column":9},"end":{"line":42,"column":26}},"loc":{"start":{"line":42,"column":31},"end":{"line":44,"column":1}}}},"branchMap":{"0":{"loc":{"start":{"line":7,"column":1},"end":{"line":7,"column":24}},"type":"if","locations":[{"start":{"line":7,"column":1},"end":{"line":7,"column":24}}]},"1":{"loc":{"start":{"line":9,"column":4},"end":{"line":9,"column":37}},"type":"if","locations":[{"start":{"line":9,"column":4},"end":{"line":9,"column":37}}]},"2":{"loc":{"start":{"line":10,"column":4},"end":{"line":10,"column":44}},"type":"if","locations":[{"start":{"line":10,"column":4},"end":{"line":10,"column":44}}]},"3":{"loc":{"start":{"line":34,"column":8},"end":{"line":36,"column":null}},"type":"if","locations":[{"start":{"line":34,"column":8},"end":{"line":36,"column":null}}]},"4":{"loc":{"start":{"line":39,"column":11},"end":{"line":39,"column":37}},"type":"cond-expr","locations":[{"start":{"line":39,"column":24},"end":{"line":39,"column":25}},{"start":{"line":39,"column":28},"end":{"line":39,"column":37}}]}},"s":{"0":1,"1":1,"2":7,"3":2,"4":5,"5":5,"6":0,"7":5,"8":2,"9":3,"10":3,"11":3,"12":3,"13":3,"14":1,"15":5,"16":0,"17":5,"18":5,"19":35,"20":6,"21":6,"22":74,"23":57,"24":6,"25":6,"26":3},"f":{"0":7,"1":5,"2":0,"3":5,"4":35,"5":6,"6":3},"b":{"0":[2],"1":[0],"2":[2],"3":[57],"4":[2,4]}}
}
