{"/home/haroldo/estudos/cccat7_refactoring/src/calc.ts": {"path":"/home/haroldo/estudos/cccat7_refactoring/src/calc.ts","statementMap":{"0":{"start":{"line":2,"column":23},"end":{"line":2,"column":27}},"1":{"start":{"line":3,"column":30},"end":{"line":3,"column":31}},"2":{"start":{"line":4,"column":20},"end":{"line":4,"column":23}},"3":{"start":{"line":5,"column":20},"end":{"line":5,"column":24}},"4":{"start":{"line":6,"column":24},"end":{"line":6,"column":26}},"5":{"start":{"line":7,"column":22},"end":{"line":7,"column":23}},"6":{"start":{"line":8,"column":17},"end":{"line":8,"column":19}},"7":{"start":{"line":11,"column":4},"end":{"line":11,"column":null}},"8":{"start":{"line":15,"column":1},"end":{"line":15,"column":28}},"9":{"start":{"line":19,"column":1},"end":{"line":19,"column":98}},"10":{"start":{"line":23,"column":1},"end":{"line":23,"column":104}},"11":{"start":{"line":27,"column":12},"end":{"line":27,"column":13}},"12":{"start":{"line":28,"column":1},"end":{"line":46,"column":null}},"13":{"start":{"line":29,"column":2},"end":{"line":29,"column":78}},"14":{"start":{"line":29,"column":42},"end":{"line":29,"column":78}},"15":{"start":{"line":30,"column":2},"end":{"line":30,"column":66}},"16":{"start":{"line":30,"column":34},"end":{"line":30,"column":66}},"17":{"start":{"line":31,"column":2},"end":{"line":45,"column":null}},"18":{"start":{"line":32,"column":3},"end":{"line":35,"column":null}},"19":{"start":{"line":33,"column":4},"end":{"line":33,"column":46}},"20":{"start":{"line":34,"column":4},"end":{"line":34,"column":13}},"21":{"start":{"line":36,"column":3},"end":{"line":39,"column":null}},"22":{"start":{"line":37,"column":4},"end":{"line":37,"column":53}},"23":{"start":{"line":38,"column":4},"end":{"line":38,"column":13}},"24":{"start":{"line":40,"column":3},"end":{"line":43,"column":null}},"25":{"start":{"line":41,"column":4},"end":{"line":41,"column":43}},"26":{"start":{"line":42,"column":4},"end":{"line":42,"column":13}},"27":{"start":{"line":44,"column":3},"end":{"line":44,"column":42}},"28":{"start":{"line":47,"column":1},"end":{"line":47,"column":44}},"29":{"start":{"line":26,"column":0},"end":{"line":26,"column":16}}},"fnMap":{"0":{"name":"isOvernight","decl":{"start":{"line":10,"column":9},"end":{"line":10,"column":20}},"loc":{"start":{"line":10,"column":26},"end":{"line":12,"column":1}}},"1":{"name":"isSunday","decl":{"start":{"line":14,"column":9},"end":{"line":14,"column":17}},"loc":{"start":{"line":14,"column":23},"end":{"line":16,"column":1}}},"2":{"name":"isValidDistance","decl":{"start":{"line":18,"column":9},"end":{"line":18,"column":24}},"loc":{"start":{"line":18,"column":34},"end":{"line":20,"column":1}}},"3":{"name":"isValidDate","decl":{"start":{"line":22,"column":9},"end":{"line":22,"column":20}},"loc":{"start":{"line":22,"column":26},"end":{"line":24,"column":1}}},"4":{"name":"calculateRide","decl":{"start":{"line":26,"column":16},"end":{"line":26,"column":29}},"loc":{"start":{"line":26,"column":39},"end":{"line":48,"column":1}}}},"branchMap":{"0":{"loc":{"start":{"line":11,"column":11},"end":{"line":11,"column":81}},"type":"binary-expr","locations":[{"start":{"line":11,"column":11},"end":{"line":11,"column":45}},{"start":{"line":11,"column":49},"end":{"line":11,"column":81}}]},"1":{"loc":{"start":{"line":19,"column":8},"end":{"line":19,"column":97}},"type":"binary-expr","locations":[{"start":{"line":19,"column":8},"end":{"line":19,"column":24}},{"start":{"line":19,"column":28},"end":{"line":19,"column":49}},{"start":{"line":19,"column":53},"end":{"line":19,"column":81}},{"start":{"line":19,"column":85},"end":{"line":19,"column":97}}]},"2":{"loc":{"start":{"line":23,"column":8},"end":{"line":23,"column":103}},"type":"binary-expr","locations":[{"start":{"line":23,"column":8},"end":{"line":23,"column":20}},{"start":{"line":23,"column":24},"end":{"line":23,"column":41}},{"start":{"line":23,"column":45},"end":{"line":23,"column":65}},{"start":{"line":23,"column":69},"end":{"line":23,"column":103}}]},"3":{"loc":{"start":{"line":29,"column":2},"end":{"line":29,"column":78}},"type":"if","locations":[{"start":{"line":29,"column":2},"end":{"line":29,"column":78}}]},"4":{"loc":{"start":{"line":30,"column":2},"end":{"line":30,"column":66}},"type":"if","locations":[{"start":{"line":30,"column":2},"end":{"line":30,"column":66}}]},"5":{"loc":{"start":{"line":31,"column":2},"end":{"line":45,"column":null}},"type":"if","locations":[{"start":{"line":31,"column":2},"end":{"line":45,"column":null}}]},"6":{"loc":{"start":{"line":32,"column":3},"end":{"line":35,"column":null}},"type":"if","locations":[{"start":{"line":32,"column":3},"end":{"line":35,"column":null}}]},"7":{"loc":{"start":{"line":32,"column":7},"end":{"line":32,"column":59}},"type":"binary-expr","locations":[{"start":{"line":32,"column":7},"end":{"line":32,"column":32}},{"start":{"line":32,"column":36},"end":{"line":32,"column":59}}]},"8":{"loc":{"start":{"line":36,"column":3},"end":{"line":39,"column":null}},"type":"if","locations":[{"start":{"line":36,"column":3},"end":{"line":39,"column":null}}]},"9":{"loc":{"start":{"line":36,"column":7},"end":{"line":36,"column":58}},"type":"binary-expr","locations":[{"start":{"line":36,"column":7},"end":{"line":36,"column":32}},{"start":{"line":36,"column":36},"end":{"line":36,"column":58}}]},"10":{"loc":{"start":{"line":40,"column":3},"end":{"line":43,"column":null}},"type":"if","locations":[{"start":{"line":40,"column":3},"end":{"line":43,"column":null}}]},"11":{"loc":{"start":{"line":47,"column":8},"end":{"line":47,"column":43}},"type":"cond-expr","locations":[{"start":{"line":47,"column":28},"end":{"line":47,"column":36}},{"start":{"line":47,"column":39},"end":{"line":47,"column":43}}]}},"s":{"0":1,"1":1,"2":1,"3":1,"4":1,"5":1,"6":1,"7":9,"8":6,"9":7,"10":11,"11":7,"12":7,"13":7,"14":1,"15":6,"16":1,"17":5,"18":5,"19":1,"20":1,"21":4,"22":1,"23":1,"24":3,"25":1,"26":1,"27":2,"28":5,"29":1},"f":{"0":9,"1":6,"2":7,"3":11,"4":7},"b":{"0":[9,6],"1":[7,7,7,7],"2":[11,11,11,11],"3":[1],"4":[1],"5":[5],"6":[1],"7":[5,2],"8":[1],"9":[4,1],"10":[1],"11":[1,4]}}
}
