TN:
SF:src/calculo/NormalFareCalculator.ts
FN:7,(anonymous_0)
FN:10,(anonymous_1)
FNF:2
FNH:2
FNDA:8,(anonymous_0)
FNDA:2,(anonymous_1)
DA:4,1
DA:5,8
DA:7,8
DA:11,2
DA:12,2
DA:14,0
DA:15,0
LF:7
LH:5
BRDA:11,0,0,2
BRDA:11,1,0,2
BRDA:11,1,1,2
BRDA:14,2,0,0
BRDA:15,3,0,0
BRDA:15,3,1,0
BRDA:15,4,0,0
BRDA:15,4,1,0
BRF:8
BRH:3
end_of_record
TN:
SF:src/calculo/OvernightFareCalculator.ts
FN:7,(anonymous_0)
FN:10,(anonymous_1)
FNF:2
FNH:2
FNDA:8,(anonymous_0)
FNDA:4,(anonymous_1)
DA:4,1
DA:5,8
DA:7,8
DA:11,4
DA:12,1
DA:14,3
DA:15,3
LF:7
LH:7
BRDA:11,0,0,1
BRDA:11,1,0,4
BRDA:11,1,1,1
BRDA:14,2,0,0
BRDA:15,3,0,0
BRDA:15,3,1,3
BRDA:15,4,0,3
BRDA:15,4,1,3
BRF:8
BRH:6
end_of_record
TN:
SF:src/calculo/OvernightSundayFareCalculator.ts
FN:7,(anonymous_0)
FN:10,(anonymous_1)
FNF:2
FNH:2
FNDA:8,(anonymous_0)
FNDA:5,(anonymous_1)
DA:4,1
DA:5,8
DA:7,8
DA:11,5
DA:12,1
DA:14,4
DA:15,4
LF:7
LH:7
BRDA:11,0,0,1
BRDA:11,1,0,5
BRDA:11,1,1,2
BRDA:14,2,0,0
BRDA:15,3,0,0
BRDA:15,3,1,4
BRDA:15,4,0,4
BRDA:15,4,1,4
BRF:8
BRH:6
end_of_record
TN:
SF:src/calculo/Ride.ts
FN:9,(anonymous_1)
FN:12,(anonymous_2)
FN:16,(anonymous_3)
FNF:3
FNH:3
FNDA:8,(anonymous_1)
FNDA:8,(anonymous_2)
FNDA:6,(anonymous_3)
DA:2,1
DA:4,1
DA:6,8
DA:7,8
DA:9,8
DA:13,8
DA:17,6
DA:18,6
DA:19,6
DA:21,6
LF:10
LH:10
BRDA:21,0,0,1
BRDA:21,0,1,5
BRF:2
BRH:2
end_of_record
TN:
SF:src/calculo/Segment.ts
FN:5,(anonymous_0)
FN:10,(anonymous_1)
FN:14,(anonymous_2)
FN:18,(anonymous_3)
FN:22,(anonymous_4)
FNF:5
FNH:5
FNDA:8,(anonymous_0)
FNDA:14,(anonymous_1)
FNDA:8,(anonymous_2)
FNDA:8,(anonymous_3)
FNDA:7,(anonymous_4)
DA:1,1
DA:2,8
DA:3,8
DA:5,8
DA:6,8
DA:7,7
DA:11,14
DA:15,8
DA:19,8
DA:23,7
LF:10
LH:10
BRDA:6,0,0,1
BRDA:7,1,0,1
BRDA:11,2,0,14
BRDA:11,2,1,11
BRDA:19,3,0,8
BRDA:19,3,1,8
BRDA:19,3,2,8
BRDA:19,3,3,8
BRDA:23,4,0,7
BRDA:23,4,1,7
BRDA:23,4,2,7
BRDA:23,4,3,7
BRF:12
BRH:12
end_of_record
TN:
SF:src/calculo/SpecialDayFareCalculator.ts
FN:7,(anonymous_0)
FN:10,(anonymous_1)
FNF:2
FNH:2
FNDA:8,(anonymous_0)
FNDA:6,(anonymous_1)
DA:4,1
DA:5,8
DA:7,8
DA:11,6
DA:12,1
DA:14,5
DA:15,5
LF:7
LH:7
BRDA:11,0,0,1
BRDA:14,1,0,0
BRDA:15,2,0,0
BRDA:15,2,1,5
BRDA:15,3,0,5
BRDA:15,3,1,5
BRF:6
BRH:4
end_of_record
TN:
SF:src/calculo/SundayFareCalculator.ts
FN:7,(anonymous_0)
FN:10,(anonymous_1)
FNF:2
FNH:2
FNDA:8,(anonymous_0)
FNDA:3,(anonymous_1)
DA:4,1
DA:5,8
DA:7,8
DA:11,3
DA:12,1
DA:14,2
DA:15,2
LF:7
LH:7
BRDA:11,0,0,1
BRDA:11,1,0,3
BRDA:11,1,1,3
BRDA:14,2,0,0
BRDA:15,3,0,0
BRDA:15,3,1,2
BRDA:15,4,0,2
BRDA:15,4,1,2
BRF:8
BRH:6
end_of_record
TN:
SF:src/calculo/calc.ts
FN:10,isOvernight
FN:14,isSunday
FN:18,isValidDistance
FN:22,isValidDate
FN:26,calculateRide
FNF:5
FNH:5
FNDA:9,isOvernight
FNDA:6,isSunday
FNDA:7,isValidDistance
FNDA:11,isValidDate
FNDA:7,calculateRide
DA:2,1
DA:3,1
DA:4,1
DA:5,1
DA:6,1
DA:7,1
DA:8,1
DA:11,9
DA:15,6
DA:19,7
DA:23,11
DA:26,1
DA:27,7
DA:28,7
DA:29,7
DA:30,6
DA:31,5
DA:32,5
DA:33,1
DA:34,1
DA:36,4
DA:37,1
DA:38,1
DA:40,3
DA:41,1
DA:42,1
DA:44,2
DA:47,5
LF:28
LH:28
BRDA:11,0,0,9
BRDA:11,0,1,6
BRDA:19,1,0,7
BRDA:19,1,1,7
BRDA:19,1,2,7
BRDA:19,1,3,7
BRDA:23,2,0,11
BRDA:23,2,1,11
BRDA:23,2,2,11
BRDA:23,2,3,11
BRDA:29,3,0,1
BRDA:30,4,0,1
BRDA:31,5,0,5
BRDA:32,6,0,1
BRDA:32,7,0,5
BRDA:32,7,1,2
BRDA:36,8,0,1
BRDA:36,9,0,4
BRDA:36,9,1,1
BRDA:40,10,0,1
BRDA:47,11,0,1
BRDA:47,11,1,4
BRF:22
BRH:22
end_of_record
TN:
SF:src/cpf/cpf.ts
FN:2,validate
FN:14,(anonymous_1)
FNF:2
FNH:2
FNDA:7,validate
FNDA:35,(anonymous_1)
DA:2,1
DA:4,7
DA:5,6
DA:6,5
DA:8,5
DA:14,35
DA:15,3
DA:20,3
DA:21,3
DA:23,3
DA:28,31
DA:29,31
DA:31,31
DA:35,3
DA:37,3
DA:38,3
DA:39,3
DA:40,3
DA:41,1
DA:43,2
DA:45,3
DA:46,3
DA:47,3
DA:49,0
DA:51,0
DA:53,2
DA:55,0
DA:59,1
LF:28
LH:25
BRDA:4,0,0,6
BRDA:4,0,1,1
BRDA:5,1,0,5
BRDA:6,2,0,5
BRDA:6,2,1,0
BRDA:6,3,0,5
BRDA:6,3,1,1
BRDA:14,4,0,3
BRDA:14,4,1,2
BRDA:37,5,0,1
BRDA:37,5,1,2
BRDA:40,6,0,1
BRDA:40,6,1,2
BRF:13
BRH:12
end_of_record
